\BOOKMARK [0][-]{dummy.1}{\376\377\000D\000e\000c\000l\000a\000r\000a\000t\000i\000o\000n\000\040\000o\000f\000\040\000A\000u\000t\000h\000o\000r\000s\000h\000i\000p}{}% 1
\BOOKMARK [0][-]{dummy.2}{\376\377\000A\000b\000s\000t\000r\000a\000c\000t}{}% 2
\BOOKMARK [0][-]{dummy.3}{\376\377\000A\000c\000k\000n\000o\000w\000l\000e\000d\000g\000e\000m\000e\000n\000t\000s}{}% 3
\BOOKMARK [0][-]{chapter.5}{\376\377\0001\000\040\000I\000n\000t\000r\000o\000d\000u\000c\000t\000i\000o\000n}{}% 4
\BOOKMARK [0][-]{chapter.6}{\376\377\0002\000\040\000B\000a\000c\000k\000g\000r\000o\000u\000n\000d\000\040\000t\000h\000e\000o\000r\000y}{}% 5
\BOOKMARK [1][-]{section.7}{\376\377\0002\000.\0001\000\040\000T\000h\000e\000\040\000S\000t\000a\000n\000d\000a\000r\000d\000\040\000M\000o\000d\000e\000l}{chapter.6}% 6
\BOOKMARK [2][-]{subsection.8}{\376\377\0002\000.\0001\000.\0001\000\040\000F\000u\000n\000d\000a\000m\000e\000n\000t\000a\000l\000\040\000P\000a\000r\000t\000i\000c\000l\000e\000s}{section.7}% 7
\BOOKMARK [2][-]{subsection.12}{\376\377\0002\000.\0001\000.\0002\000\040\000Q\000u\000a\000n\000t\000u\000m\000\040\000F\000i\000e\000l\000d\000\040\000T\000h\000e\000o\000r\000y\000\040\000\050\000Q\000F\000T\000\051}{section.7}% 8
\BOOKMARK [3][-]{subsubsection.13}{\376\377\0002\000.\0001\000.\0002\000.\0001\000\040\000L\000a\000g\000r\000a\000n\000g\000i\000a\000n\000\040\000F\000o\000r\000m\000a\000l\000i\000s\000m}{subsection.12}% 9
\BOOKMARK [2][-]{subsection.16}{\376\377\0002\000.\0001\000.\0003\000\040\000G\000a\000u\000g\000e\000\040\000T\000h\000e\000o\000r\000i\000e\000s}{section.7}% 10
\BOOKMARK [2][-]{subsection.18}{\376\377\0002\000.\0001\000.\0004\000\040\000C\000o\000u\000p\000l\000i\000n\000g\000\040\000C\000o\000n\000s\000t\000a\000n\000t\000s}{section.7}% 11
\BOOKMARK [2][-]{subsection.22}{\376\377\0002\000.\0001\000.\0005\000\040\000Q\000u\000a\000n\000t\000u\000m\000\040\000E\000l\000e\000c\000t\000r\000o\000d\000y\000n\000a\000m\000i\000c\000s\000\040\000\050\000Q\000E\000D\000\051}{section.7}% 12
\BOOKMARK [2][-]{subsection.26}{\376\377\0002\000.\0001\000.\0006\000\040\000Q\000u\000a\000n\000t\000u\000m\000\040\000C\000h\000r\000o\000m\000o\000d\000y\000n\000a\000m\000i\000c\000s\000\040\000\050\000Q\000C\000D\000\051}{section.7}% 13
\BOOKMARK [1][-]{section.36}{\376\377\0002\000.\0002\000\040\000Q\000C\000D\000\040\000i\000n\000\040\000P\000r\000o\000t\000o\000n\000\040\000C\000o\000l\000l\000i\000d\000e\000r\000\040\000E\000x\000p\000e\000r\000i\000m\000e\000n\000t\000s}{chapter.6}% 14
\BOOKMARK [2][-]{subsection.37}{\376\377\0002\000.\0002\000.\0001\000\040\000F\000a\000c\000t\000o\000r\000i\000s\000a\000t\000i\000o\000n}{section.36}% 15
\BOOKMARK [1][-]{section.39}{\376\377\0002\000.\0003\000\040\000M\000o\000n\000t\000e\000\040\000C\000a\000r\000l\000o\000\040\000G\000e\000n\000e\000r\000a\000t\000o\000r\000s}{chapter.6}% 16
\BOOKMARK [2][-]{subsection.41}{\376\377\0002\000.\0003\000.\0001\000\040\000T\000h\000e\000\040\000H\000a\000r\000d\000\040\000P\000r\000o\000c\000e\000s\000s}{section.39}% 17
\BOOKMARK [2][-]{subsection.43}{\376\377\0002\000.\0003\000.\0002\000\040\000I\000n\000i\000t\000i\000a\000l\000\040\000a\000n\000d\000\040\000F\000i\000n\000a\000l\000\040\000S\000t\000a\000t\000e\000\040\000R\000a\000d\000i\000a\000t\000i\000o\000n}{section.39}% 18
\BOOKMARK [2][-]{subsection.50}{\376\377\0002\000.\0003\000.\0003\000\040\000H\000a\000d\000r\000o\000n\000i\000s\000a\000t\000i\000o\000n}{section.39}% 19
\BOOKMARK [2][-]{subsection.53}{\376\377\0002\000.\0003\000.\0004\000\040\000T\000h\000e\000\040\000U\000n\000d\000e\000r\000l\000y\000i\000n\000g\000\040\000E\000v\000e\000n\000t}{section.39}% 20
\BOOKMARK [2][-]{subsection.54}{\376\377\0002\000.\0003\000.\0005\000\040\000M\000u\000l\000t\000i\000p\000l\000e\000\040\000P\000a\000r\000t\000o\000n\000\040\000I\000n\000t\000e\000r\000a\000c\000t\000i\000o\000n\000s\000\040\000\050\000M\000P\000I\000s\000\051}{section.39}% 21
\BOOKMARK [2][-]{subsection.55}{\376\377\0002\000.\0003\000.\0006\000\040\000P\000y\000t\000h\000i\000a}{section.39}% 22
\BOOKMARK [1][-]{section.61}{\376\377\0002\000.\0004\000\040\000M\000i\000n\000i\000m\000u\000m\000\040\000b\000i\000a\000s\000\040\000d\000a\000t\000a}{chapter.6}% 23
\BOOKMARK [0][-]{dummy.65}{\376\377\000B\000i\000b\000l\000i\000o\000g\000r\000a\000p\000h\000y}{}% 24
